[16-May-2011 16:45:32] ::current_user.inc:486: Invalid argument supplied for foreach()
[16-May-2011 16:45:32] 0::index.php:26: include(../installed_extensions.php) [<a href='function.include'>function.include</a>]: failed to open stream: No such file or directory
[16-May-2011 16:45:32] 0::index.php:26: include(../installed_extensions.php) [<a href='function.include'>function.include</a>]: failed to open stream: No such file or directory
[16-May-2011 16:45:32] 0::index.php:26: include(../installed_extensions.php) [<a href='function.include'>function.include</a>]: failed to open stream: No such file or directory
[16-May-2011 16:45:32] 0::index.php:26: include() [<a href='function.include'>function.include</a>]: Failed opening '../installed_extensions.php' for inclusion (include_path='.://lib/php')
[16-May-2011 16:45:33] 0::system_tests.inc:258: Invalid argument supplied for foreach()
[16-May-2011 16:45:54] 0::current_user.inc:486: Invalid argument supplied for foreach()
[16-May-2011 16:45:54] 0::index.php:26: include(../installed_extensions.php) [<a href='function.include'>function.include</a>]: failed to open stream: No such file or directory
[16-May-2011 16:45:54] 0::index.php:26: include(../installed_extensions.php) [<a href='function.include'>function.include</a>]: failed to open stream: No such file or directory
[16-May-2011 16:45:54] 0::index.php:26: include(../installed_extensions.php) [<a href='function.include'>function.include</a>]: failed to open stream: No such file or directory
[16-May-2011 16:45:54] 0::index.php:26: include() [<a href='function.include'>function.include</a>]: Failed opening '../installed_extensions.php' for inclusion (include_path='.://lib/php')
[16-May-2011 16:46:46] 0::current_user.inc:486: Invalid argument supplied for foreach()
[16-May-2011 16:46:46] 0::index.php:26: include(../installed_extensions.php) [<a href='function.include'>function.include</a>]: failed to open stream: No such file or directory
[16-May-2011 16:46:46] 0::index.php:26: include(../installed_extensions.php) [<a href='function.include'>function.include</a>]: failed to open stream: No such file or directory
[16-May-2011 16:46:46] 0::index.php:26: include(../installed_extensions.php) [<a href='function.include'>function.include</a>]: failed to open stream: No such file or directory
[16-May-2011 16:46:46] 0::index.php:26: include() [<a href='function.include'>function.include</a>]: Failed opening '../installed_extensions.php' for inclusion (include_path='.://lib/php')
[16-May-2011 16:47:33] 0::index.php:26: include(../installed_extensions.php) [<a href='function.include'>function.include</a>]: failed to open stream: No such file or directory
[16-May-2011 16:47:33] 0::index.php:26: include(../installed_extensions.php) [<a href='function.include'>function.include</a>]: failed to open stream: No such file or directory
[16-May-2011 16:47:33] 0::index.php:26: include(../installed_extensions.php) [<a href='function.include'>function.include</a>]: failed to open stream: No such file or directory
[16-May-2011 16:47:33] 0::index.php:26: include() [<a href='function.include'>function.include</a>]: Failed opening '../installed_extensions.php' for inclusion (include_path='.://lib/php')
[16-May-2011 16:48:55] 0:maxadmin:session.inc:295: include_once(./company/0/installed_extensions.php) [<a href='function.include-once'>function.include-once</a>]: failed to open stream: No such file or directory
[16-May-2011 16:48:55] 0:maxadmin:session.inc:295: include_once() [<a href='function.include'>function.include</a>]: Failed opening './company/0/installed_extensions.php' for inclusion (include_path='.://lib/php')
[16-May-2011 16:49:08] 0:maxadmin:session.inc:295: include_once(./company/0/installed_extensions.php) [<a href='function.include-once'>function.include-once</a>]: failed to open stream: No such file or directory
[16-May-2011 16:49:08] 0:maxadmin:session.inc:295: include_once() [<a href='function.include'>function.include</a>]: Failed opening './company/0/installed_extensions.php' for inclusion (include_path='.://lib/php')
[16-May-2011 16:49:09] 0:maxadmin:session.inc:295: include_once(../company/0/installed_extensions.php) [<a href='function.include-once'>function.include-once</a>]: failed to open stream: No such file or directory
[16-May-2011 16:49:09] 0:maxadmin:session.inc:295: include_once() [<a href='function.include'>function.include</a>]: Failed opening '../company/0/installed_extensions.php' for inclusion (include_path='.://lib/php')
[16-May-2011 16:49:33] 0:maxadmin:session.inc:295: include_once(../company/0/installed_extensions.php) [<a href='function.include-once'>function.include-once</a>]: failed to open stream: No such file or directory
[16-May-2011 16:49:33] 0:maxadmin:session.inc:295: include_once() [<a href='function.include'>function.include</a>]: Failed opening '../company/0/installed_extensions.php' for inclusion (include_path='.://lib/php')
[16-May-2011 16:49:46] 0:maxadmin:session.inc:295: include_once(./company/0/installed_extensions.php) [<a href='function.include-once'>function.include-once</a>]: failed to open stream: No such file or directory
[16-May-2011 16:49:46] 0:maxadmin:session.inc:295: include_once() [<a href='function.include'>function.include</a>]: Failed opening './company/0/installed_extensions.php' for inclusion (include_path='.://lib/php')
[16-May-2011 16:51:21] 0:maxadmin:session.inc:295: include_once(./company/0/installed_extensions.php) [<a href='function.include-once'>function.include-once</a>]: failed to open stream: No such file or directory
[16-May-2011 16:51:21] 0:maxadmin:session.inc:295: include_once() [<a href='function.include'>function.include</a>]: Failed opening './company/0/installed_extensions.php' for inclusion (include_path='.://lib/php')
[16-May-2011 16:51:25] 0:maxadmin:session.inc:295: include_once(../company/0/installed_extensions.php) [<a href='function.include-once'>function.include-once</a>]: failed to open stream: No such file or directory
[16-May-2011 16:51:25] 0:maxadmin:session.inc:295: include_once() [<a href='function.include'>function.include</a>]: Failed opening '../company/0/installed_extensions.php' for inclusion (include_path='.://lib/php')
[16-May-2011 16:51:31] 0:maxadmin:session.inc:295: include_once(../company/0/installed_extensions.php) [<a href='function.include-once'>function.include-once</a>]: failed to open stream: No such file or directory
[16-May-2011 16:51:31] 0:maxadmin:session.inc:295: include_once() [<a href='function.include'>function.include</a>]: Failed opening '../company/0/installed_extensions.php' for inclusion (include_path='.://lib/php')
[17-May-2011 00:55:15] 0:maxadmin:simple_crud_class.inc:116: key() [<a href='function.key'>function.key</a>]: Passed variable is not an array or object
[17-May-2011 00:55:53] 0:maxadmin:simple_crud_class.inc:116: key() [<a href='function.key'>function.key</a>]: Passed variable is not an array or object
[17-May-2011 00:56:07] 0:maxadmin:simple_crud_class.inc:116: key() [<a href='function.key'>function.key</a>]: Passed variable is not an array or object
[17-May-2011 10:33:21] 0:maxadmin:items_category_db.inc:12: Missing argument 2 for add_item_category(), called in /home/m/a/mae/public_html/fa/modules/import_items/import_items.php on line 206 and defined
[17-May-2011 10:33:21] 0:maxadmin:items_category_db.inc:12: Missing argument 3 for add_item_category(), called in /home/m/a/mae/public_html/fa/modules/import_items/import_items.php on line 206 and defined
[17-May-2011 10:33:21] 0:maxadmin:items_category_db.inc:13: Missing argument 4 for add_item_category(), called in /home/m/a/mae/public_html/fa/modules/import_items/import_items.php on line 206 and defined
[17-May-2011 10:33:21] 0:maxadmin:items_category_db.inc:13: Missing argument 5 for add_item_category(), called in /home/m/a/mae/public_html/fa/modules/import_items/import_items.php on line 206 and defined
[17-May-2011 10:33:21] 0:maxadmin:items_category_db.inc:13: Missing argument 6 for add_item_category(), called in /home/m/a/mae/public_html/fa/modules/import_items/import_items.php on line 206 and defined
[17-May-2011 10:33:21] 0:maxadmin:items_category_db.inc:13: Missing argument 7 for add_item_category(), called in /home/m/a/mae/public_html/fa/modules/import_items/import_items.php on line 206 and defined
[17-May-2011 10:33:21] 0:maxadmin:items_category_db.inc:14: Missing argument 8 for add_item_category(), called in /home/m/a/mae/public_html/fa/modules/import_items/import_items.php on line 206 and defined
[17-May-2011 10:33:21] 0:maxadmin:items_category_db.inc:14: Missing argument 9 for add_item_category(), called in /home/m/a/mae/public_html/fa/modules/import_items/import_items.php on line 206 and defined
[17-May-2011 10:33:21] 0:maxadmin:items_category_db.inc:14: Missing argument 10 for add_item_category(), called in /home/m/a/mae/public_html/fa/modules/import_items/import_items.php on line 206 and defined
[17-May-2011 10:33:21] 0:maxadmin:items_category_db.inc:14: Missing argument 11 for add_item_category(), called in /home/m/a/mae/public_html/fa/modules/import_items/import_items.php on line 206 and defined
[17-May-2011 10:33:21] 0:maxadmin:items_category_db.inc:14: Missing argument 12 for add_item_category(), called in /home/m/a/mae/public_html/fa/modules/import_items/import_items.php on line 206 and defined
[17-May-2011 10:34:29] 0:maxadmin:items_category_db.inc:12: Missing argument 2 for add_item_category(), called in /home/m/a/mae/public_html/fa/modules/import_items/import_items.php on line 206 and defined
[17-May-2011 10:34:29] 0:maxadmin:items_category_db.inc:12: Missing argument 3 for add_item_category(), called in /home/m/a/mae/public_html/fa/modules/import_items/import_items.php on line 206 and defined
[17-May-2011 10:34:29] 0:maxadmin:items_category_db.inc:13: Missing argument 4 for add_item_category(), called in /home/m/a/mae/public_html/fa/modules/import_items/import_items.php on line 206 and defined
[17-May-2011 10:34:29] 0:maxadmin:items_category_db.inc:13: Missing argument 5 for add_item_category(), called in /home/m/a/mae/public_html/fa/modules/import_items/import_items.php on line 206 and defined
[17-May-2011 10:34:29] 0:maxadmin:items_category_db.inc:13: Missing argument 6 for add_item_category(), called in /home/m/a/mae/public_html/fa/modules/import_items/import_items.php on line 206 and defined
[17-May-2011 10:34:29] 0:maxadmin:items_category_db.inc:13: Missing argument 7 for add_item_category(), called in /home/m/a/mae/public_html/fa/modules/import_items/import_items.php on line 206 and defined
[17-May-2011 10:34:29] 0:maxadmin:items_category_db.inc:14: Missing argument 8 for add_item_category(), called in /home/m/a/mae/public_html/fa/modules/import_items/import_items.php on line 206 and defined
[17-May-2011 10:34:29] 0:maxadmin:items_category_db.inc:14: Missing argument 9 for add_item_category(), called in /home/m/a/mae/public_html/fa/modules/import_items/import_items.php on line 206 and defined
[17-May-2011 10:34:29] 0:maxadmin:items_category_db.inc:14: Missing argument 10 for add_item_category(), called in /home/m/a/mae/public_html/fa/modules/import_items/import_items.php on line 206 and defined
[17-May-2011 10:34:29] 0:maxadmin:items_category_db.inc:14: Missing argument 11 for add_item_category(), called in /home/m/a/mae/public_html/fa/modules/import_items/import_items.php on line 206 and defined
[17-May-2011 10:34:29] 0:maxadmin:items_category_db.inc:14: Missing argument 12 for add_item_category(), called in /home/m/a/mae/public_html/fa/modules/import_items/import_items.php on line 206 and defined
[17-May-2011 10:35:34] 0:maxadmin:items_category_db.inc:12: Missing argument 2 for add_item_category(), called in /home/m/a/mae/public_html/fa/modules/import_items/import_items.php on line 206 and defined
[17-May-2011 10:35:34] 0:maxadmin:items_category_db.inc:12: Missing argument 3 for add_item_category(), called in /home/m/a/mae/public_html/fa/modules/import_items/import_items.php on line 206 and defined
[17-May-2011 10:35:34] 0:maxadmin:items_category_db.inc:13: Missing argument 4 for add_item_category(), called in /home/m/a/mae/public_html/fa/modules/import_items/import_items.php on line 206 and defined
[17-May-2011 10:35:34] 0:maxadmin:items_category_db.inc:13: Missing argument 5 for add_item_category(), called in /home/m/a/mae/public_html/fa/modules/import_items/import_items.php on line 206 and defined
[17-May-2011 10:35:34] 0:maxadmin:items_category_db.inc:13: Missing argument 6 for add_item_category(), called in /home/m/a/mae/public_html/fa/modules/import_items/import_items.php on line 206 and defined
[17-May-2011 10:35:34] 0:maxadmin:items_category_db.inc:13: Missing argument 7 for add_item_category(), called in /home/m/a/mae/public_html/fa/modules/import_items/import_items.php on line 206 and defined
[17-May-2011 10:35:34] 0:maxadmin:items_category_db.inc:14: Missing argument 8 for add_item_category(), called in /home/m/a/mae/public_html/fa/modules/import_items/import_items.php on line 206 and defined
[17-May-2011 10:35:34] 0:maxadmin:items_category_db.inc:14: Missing argument 9 for add_item_category(), called in /home/m/a/mae/public_html/fa/modules/import_items/import_items.php on line 206 and defined
[17-May-2011 10:35:34] 0:maxadmin:items_category_db.inc:14: Missing argument 10 for add_item_category(), called in /home/m/a/mae/public_html/fa/modules/import_items/import_items.php on line 206 and defined
[17-May-2011 10:35:34] 0:maxadmin:items_category_db.inc:14: Missing argument 11 for add_item_category(), called in /home/m/a/mae/public_html/fa/modules/import_items/import_items.php on line 206 and defined
[17-May-2011 10:35:34] 0:maxadmin:items_category_db.inc:14: Missing argument 12 for add_item_category(), called in /home/m/a/mae/public_html/fa/modules/import_items/import_items.php on line 206 and defined
[17-May-2011 10:37:51] 0:maxadmin:items_category_db.inc:12: Missing argument 2 for add_item_category(), called in /home/m/a/mae/public_html/fa/modules/import_items/import_items.php on line 206 and defined
[17-May-2011 10:37:51] 0:maxadmin:items_category_db.inc:12: Missing argument 3 for add_item_category(), called in /home/m/a/mae/public_html/fa/modules/import_items/import_items.php on line 206 and defined
[17-May-2011 10:37:51] 0:maxadmin:items_category_db.inc:13: Missing argument 4 for add_item_category(), called in /home/m/a/mae/public_html/fa/modules/import_items/import_items.php on line 206 and defined
[17-May-2011 10:37:51] 0:maxadmin:items_category_db.inc:13: Missing argument 5 for add_item_category(), called in /home/m/a/mae/public_html/fa/modules/import_items/import_items.php on line 206 and defined
[17-May-2011 10:37:51] 0:maxadmin:items_category_db.inc:13: Missing argument 6 for add_item_category(), called in /home/m/a/mae/public_html/fa/modules/import_items/import_items.php on line 206 and defined
[17-May-2011 10:37:51] 0:maxadmin:items_category_db.inc:13: Missing argument 7 for add_item_category(), called in /home/m/a/mae/public_html/fa/modules/import_items/import_items.php on line 206 and defined
[17-May-2011 10:37:51] 0:maxadmin:items_category_db.inc:14: Missing argument 8 for add_item_category(), called in /home/m/a/mae/public_html/fa/modules/import_items/import_items.php on line 206 and defined
[17-May-2011 10:37:51] 0:maxadmin:items_category_db.inc:14: Missing argument 9 for add_item_category(), called in /home/m/a/mae/public_html/fa/modules/import_items/import_items.php on line 206 and defined
[17-May-2011 10:37:51] 0:maxadmin:items_category_db.inc:14: Missing argument 10 for add_item_category(), called in /home/m/a/mae/public_html/fa/modules/import_items/import_items.php on line 206 and defined
[17-May-2011 10:37:51] 0:maxadmin:items_category_db.inc:14: Missing argument 11 for add_item_category(), called in /home/m/a/mae/public_html/fa/modules/import_items/import_items.php on line 206 and defined
[17-May-2011 10:37:51] 0:maxadmin:items_category_db.inc:14: Missing argument 12 for add_item_category(), called in /home/m/a/mae/public_html/fa/modules/import_items/import_items.php on line 206 and defined
[17-May-2011 10:47:27] 0:maxadmin:items_category_db.inc:12: Missing argument 2 for add_item_category(), called in /home/m/a/mae/public_html/fa/modules/import_items/import_items.php on line 206 and defined
[17-May-2011 10:47:27] 0:maxadmin:items_category_db.inc:12: Missing argument 3 for add_item_category(), called in /home/m/a/mae/public_html/fa/modules/import_items/import_items.php on line 206 and defined
[17-May-2011 10:47:27] 0:maxadmin:items_category_db.inc:13: Missing argument 4 for add_item_category(), called in /home/m/a/mae/public_html/fa/modules/import_items/import_items.php on line 206 and defined
[17-May-2011 10:47:27] 0:maxadmin:items_category_db.inc:13: Missing argument 5 for add_item_category(), called in /home/m/a/mae/public_html/fa/modules/import_items/import_items.php on line 206 and defined
[17-May-2011 10:47:27] 0:maxadmin:items_category_db.inc:13: Missing argument 6 for add_item_category(), called in /home/m/a/mae/public_html/fa/modules/import_items/import_items.php on line 206 and defined
[17-May-2011 10:47:27] 0:maxadmin:items_category_db.inc:13: Missing argument 7 for add_item_category(), called in /home/m/a/mae/public_html/fa/modules/import_items/import_items.php on line 206 and defined
[17-May-2011 10:47:27] 0:maxadmin:items_category_db.inc:14: Missing argument 8 for add_item_category(), called in /home/m/a/mae/public_html/fa/modules/import_items/import_items.php on line 206 and defined
[17-May-2011 10:47:27] 0:maxadmin:items_category_db.inc:14: Missing argument 9 for add_item_category(), called in /home/m/a/mae/public_html/fa/modules/import_items/import_items.php on line 206 and defined
[17-May-2011 10:47:27] 0:maxadmin:items_category_db.inc:14: Missing argument 10 for add_item_category(), called in /home/m/a/mae/public_html/fa/modules/import_items/import_items.php on line 206 and defined
[17-May-2011 10:47:27] 0:maxadmin:items_category_db.inc:14: Missing argument 11 for add_item_category(), called in /home/m/a/mae/public_html/fa/modules/import_items/import_items.php on line 206 and defined
[17-May-2011 10:47:27] 0:maxadmin:items_category_db.inc:14: Missing argument 12 for add_item_category(), called in /home/m/a/mae/public_html/fa/modules/import_items/import_items.php on line 206 and defined
[17-May-2011 10:49:01] 0:maxadmin:items_category_db.inc:12: Missing argument 2 for add_item_category(), called in /home/m/a/mae/public_html/fa/modules/import_items/import_items.php on line 206 and defined
[17-May-2011 10:49:01] 0:maxadmin:items_category_db.inc:12: Missing argument 3 for add_item_category(), called in /home/m/a/mae/public_html/fa/modules/import_items/import_items.php on line 206 and defined
[17-May-2011 10:49:01] 0:maxadmin:items_category_db.inc:13: Missing argument 4 for add_item_category(), called in /home/m/a/mae/public_html/fa/modules/import_items/import_items.php on line 206 and defined
[17-May-2011 10:49:01] 0:maxadmin:items_category_db.inc:13: Missing argument 5 for add_item_category(), called in /home/m/a/mae/public_html/fa/modules/import_items/import_items.php on line 206 and defined
[17-May-2011 10:49:01] 0:maxadmin:items_category_db.inc:13: Missing argument 6 for add_item_category(), called in /home/m/a/mae/public_html/fa/modules/import_items/import_items.php on line 206 and defined
[17-May-2011 10:49:01] 0:maxadmin:items_category_db.inc:13: Missing argument 7 for add_item_category(), called in /home/m/a/mae/public_html/fa/modules/import_items/import_items.php on line 206 and defined
[17-May-2011 10:49:01] 0:maxadmin:items_category_db.inc:14: Missing argument 8 for add_item_category(), called in /home/m/a/mae/public_html/fa/modules/import_items/import_items.php on line 206 and defined
[17-May-2011 10:49:01] 0:maxadmin:items_category_db.inc:14: Missing argument 9 for add_item_category(), called in /home/m/a/mae/public_html/fa/modules/import_items/import_items.php on line 206 and defined
[17-May-2011 10:49:01] 0:maxadmin:items_category_db.inc:14: Missing argument 10 for add_item_category(), called in /home/m/a/mae/public_html/fa/modules/import_items/import_items.php on line 206 and defined
[17-May-2011 10:49:01] 0:maxadmin:items_category_db.inc:14: Missing argument 11 for add_item_category(), called in /home/m/a/mae/public_html/fa/modules/import_items/import_items.php on line 206 and defined
[17-May-2011 10:49:01] 0:maxadmin:items_category_db.inc:14: Missing argument 12 for add_item_category(), called in /home/m/a/mae/public_html/fa/modules/import_items/import_items.php on line 206 and defined
[17-May-2011 14:04:43] 0:maxadmin:items_category_db.inc:12: Missing argument 2 for add_item_category(), called in /home/m/a/mae/public_html/fa/modules/import_items/import_items.php on line 206 and defined
[17-May-2011 14:04:43] 0:maxadmin:items_category_db.inc:12: Missing argument 3 for add_item_category(), called in /home/m/a/mae/public_html/fa/modules/import_items/import_items.php on line 206 and defined
[17-May-2011 14:04:43] 0:maxadmin:items_category_db.inc:13: Missing argument 4 for add_item_category(), called in /home/m/a/mae/public_html/fa/modules/import_items/import_items.php on line 206 and defined
[17-May-2011 14:04:43] 0:maxadmin:items_category_db.inc:13: Missing argument 5 for add_item_category(), called in /home/m/a/mae/public_html/fa/modules/import_items/import_items.php on line 206 and defined
[17-May-2011 14:04:43] 0:maxadmin:items_category_db.inc:13: Missing argument 6 for add_item_category(), called in /home/m/a/mae/public_html/fa/modules/import_items/import_items.php on line 206 and defined
[17-May-2011 14:04:43] 0:maxadmin:items_category_db.inc:13: Missing argument 7 for add_item_category(), called in /home/m/a/mae/public_html/fa/modules/import_items/import_items.php on line 206 and defined
[17-May-2011 14:04:43] 0:maxadmin:items_category_db.inc:14: Missing argument 8 for add_item_category(), called in /home/m/a/mae/public_html/fa/modules/import_items/import_items.php on line 206 and defined
[17-May-2011 14:04:43] 0:maxadmin:items_category_db.inc:14: Missing argument 9 for add_item_category(), called in /home/m/a/mae/public_html/fa/modules/import_items/import_items.php on line 206 and defined
[17-May-2011 14:04:43] 0:maxadmin:items_category_db.inc:14: Missing argument 10 for add_item_category(), called in /home/m/a/mae/public_html/fa/modules/import_items/import_items.php on line 206 and defined
[17-May-2011 14:04:43] 0:maxadmin:items_category_db.inc:14: Missing argument 11 for add_item_category(), called in /home/m/a/mae/public_html/fa/modules/import_items/import_items.php on line 206 and defined
[17-May-2011 14:04:43] 0:maxadmin:items_category_db.inc:14: Missing argument 12 for add_item_category(), called in /home/m/a/mae/public_html/fa/modules/import_items/import_items.php on line 206 and defined
[17-May-2011 14:07:17] 0:maxadmin:items_category_db.inc:12: Missing argument 2 for add_item_category(), called in /home/m/a/mae/public_html/fa/modules/import_items/import_items.php on line 206 and defined
[17-May-2011 14:07:17] 0:maxadmin:items_category_db.inc:12: Missing argument 3 for add_item_category(), called in /home/m/a/mae/public_html/fa/modules/import_items/import_items.php on line 206 and defined
[17-May-2011 14:07:17] 0:maxadmin:items_category_db.inc:13: Missing argument 4 for add_item_category(), called in /home/m/a/mae/public_html/fa/modules/import_items/import_items.php on line 206 and defined
[17-May-2011 14:07:17] 0:maxadmin:items_category_db.inc:13: Missing argument 5 for add_item_category(), called in /home/m/a/mae/public_html/fa/modules/import_items/import_items.php on line 206 and defined
[17-May-2011 14:07:17] 0:maxadmin:items_category_db.inc:13: Missing argument 6 for add_item_category(), called in /home/m/a/mae/public_html/fa/modules/import_items/import_items.php on line 206 and defined
[17-May-2011 14:07:17] 0:maxadmin:items_category_db.inc:13: Missing argument 7 for add_item_category(), called in /home/m/a/mae/public_html/fa/modules/import_items/import_items.php on line 206 and defined
[17-May-2011 14:07:17] 0:maxadmin:items_category_db.inc:14: Missing argument 8 for add_item_category(), called in /home/m/a/mae/public_html/fa/modules/import_items/import_items.php on line 206 and defined
[17-May-2011 14:07:17] 0:maxadmin:items_category_db.inc:14: Missing argument 9 for add_item_category(), called in /home/m/a/mae/public_html/fa/modules/import_items/import_items.php on line 206 and defined
[17-May-2011 14:07:17] 0:maxadmin:items_category_db.inc:14: Missing argument 10 for add_item_category(), called in /home/m/a/mae/public_html/fa/modules/import_items/import_items.php on line 206 and defined
[17-May-2011 14:07:17] 0:maxadmin:items_category_db.inc:14: Missing argument 11 for add_item_category(), called in /home/m/a/mae/public_html/fa/modules/import_items/import_items.php on line 206 and defined
[17-May-2011 14:07:17] 0:maxadmin:items_category_db.inc:14: Missing argument 12 for add_item_category(), called in /home/m/a/mae/public_html/fa/modules/import_items/import_items.php on line 206 and defined
[17-May-2011 14:07:44] 0:maxadmin:items_category_db.inc:12: Missing argument 2 for add_item_category(), called in /home/m/a/mae/public_html/fa/modules/import_items/import_items.php on line 206 and defined
[17-May-2011 14:07:44] 0:maxadmin:items_category_db.inc:12: Missing argument 3 for add_item_category(), called in /home/m/a/mae/public_html/fa/modules/import_items/import_items.php on line 206 and defined
[17-May-2011 14:07:44] 0:maxadmin:items_category_db.inc:13: Missing argument 4 for add_item_category(), called in /home/m/a/mae/public_html/fa/modules/import_items/import_items.php on line 206 and defined
[17-May-2011 14:07:44] 0:maxadmin:items_category_db.inc:13: Missing argument 5 for add_item_category(), called in /home/m/a/mae/public_html/fa/modules/import_items/import_items.php on line 206 and defined
[17-May-2011 14:07:44] 0:maxadmin:items_category_db.inc:13: Missing argument 6 for add_item_category(), called in /home/m/a/mae/public_html/fa/modules/import_items/import_items.php on line 206 and defined
[17-May-2011 14:07:44] 0:maxadmin:items_category_db.inc:13: Missing argument 7 for add_item_category(), called in /home/m/a/mae/public_html/fa/modules/import_items/import_items.php on line 206 and defined
[17-May-2011 14:07:44] 0:maxadmin:items_category_db.inc:14: Missing argument 8 for add_item_category(), called in /home/m/a/mae/public_html/fa/modules/import_items/import_items.php on line 206 and defined
[17-May-2011 14:07:44] 0:maxadmin:items_category_db.inc:14: Missing argument 9 for add_item_category(), called in /home/m/a/mae/public_html/fa/modules/import_items/import_items.php on line 206 and defined
[17-May-2011 14:07:44] 0:maxadmin:items_category_db.inc:14: Missing argument 10 for add_item_category(), called in /home/m/a/mae/public_html/fa/modules/import_items/import_items.php on line 206 and defined
[17-May-2011 14:07:44] 0:maxadmin:items_category_db.inc:14: Missing argument 11 for add_item_category(), called in /home/m/a/mae/public_html/fa/modules/import_items/import_items.php on line 206 and defined
[17-May-2011 14:07:44] 0:maxadmin:items_category_db.inc:14: Missing argument 12 for add_item_category(), called in /home/m/a/mae/public_html/fa/modules/import_items/import_items.php on line 206 and defined
[17-May-2011 14:08:14] 0:maxadmin:items_category_db.inc:12: Missing argument 2 for add_item_category(), called in /home/m/a/mae/public_html/fa/modules/import_items/import_items.php on line 206 and defined
[17-May-2011 14:08:14] 0:maxadmin:items_category_db.inc:12: Missing argument 3 for add_item_category(), called in /home/m/a/mae/public_html/fa/modules/import_items/import_items.php on line 206 and defined
[17-May-2011 14:08:14] 0:maxadmin:items_category_db.inc:13: Missing argument 4 for add_item_category(), called in /home/m/a/mae/public_html/fa/modules/import_items/import_items.php on line 206 and defined
[17-May-2011 14:08:14] 0:maxadmin:items_category_db.inc:13: Missing argument 5 for add_item_category(), called in /home/m/a/mae/public_html/fa/modules/import_items/import_items.php on line 206 and defined
[17-May-2011 14:08:14] 0:maxadmin:items_category_db.inc:13: Missing argument 6 for add_item_category(), called in /home/m/a/mae/public_html/fa/modules/import_items/import_items.php on line 206 and defined
[17-May-2011 14:08:14] 0:maxadmin:items_category_db.inc:13: Missing argument 7 for add_item_category(), called in /home/m/a/mae/public_html/fa/modules/import_items/import_items.php on line 206 and defined
[17-May-2011 14:08:14] 0:maxadmin:items_category_db.inc:14: Missing argument 8 for add_item_category(), called in /home/m/a/mae/public_html/fa/modules/import_items/import_items.php on line 206 and defined
[17-May-2011 14:08:14] 0:maxadmin:items_category_db.inc:14: Missing argument 9 for add_item_category(), called in /home/m/a/mae/public_html/fa/modules/import_items/import_items.php on line 206 and defined
[17-May-2011 14:08:14] 0:maxadmin:items_category_db.inc:14: Missing argument 10 for add_item_category(), called in /home/m/a/mae/public_html/fa/modules/import_items/import_items.php on line 206 and defined
[17-May-2011 14:08:14] 0:maxadmin:items_category_db.inc:14: Missing argument 11 for add_item_category(), called in /home/m/a/mae/public_html/fa/modules/import_items/import_items.php on line 206 and defined
[17-May-2011 14:08:14] 0:maxadmin:items_category_db.inc:14: Missing argument 12 for add_item_category(), called in /home/m/a/mae/public_html/fa/modules/import_items/import_items.php on line 206 and defined
[17-May-2011 14:08:27] 0:maxadmin:items_category_db.inc:12: Missing argument 2 for add_item_category(), called in /home/m/a/mae/public_html/fa/modules/import_items/import_items.php on line 206 and defined
[17-May-2011 14:08:27] 0:maxadmin:items_category_db.inc:12: Missing argument 3 for add_item_category(), called in /home/m/a/mae/public_html/fa/modules/import_items/import_items.php on line 206 and defined
[17-May-2011 14:08:27] 0:maxadmin:items_category_db.inc:13: Missing argument 4 for add_item_category(), called in /home/m/a/mae/public_html/fa/modules/import_items/import_items.php on line 206 and defined
[17-May-2011 14:08:27] 0:maxadmin:items_category_db.inc:13: Missing argument 5 for add_item_category(), called in /home/m/a/mae/public_html/fa/modules/import_items/import_items.php on line 206 and defined
[17-May-2011 14:08:27] 0:maxadmin:items_category_db.inc:13: Missing argument 6 for add_item_category(), called in /home/m/a/mae/public_html/fa/modules/import_items/import_items.php on line 206 and defined
[17-May-2011 14:08:27] 0:maxadmin:items_category_db.inc:13: Missing argument 7 for add_item_category(), called in /home/m/a/mae/public_html/fa/modules/import_items/import_items.php on line 206 and defined
[17-May-2011 14:08:27] 0:maxadmin:items_category_db.inc:14: Missing argument 8 for add_item_category(), called in /home/m/a/mae/public_html/fa/modules/import_items/import_items.php on line 206 and defined
[17-May-2011 14:08:27] 0:maxadmin:items_category_db.inc:14: Missing argument 9 for add_item_category(), called in /home/m/a/mae/public_html/fa/modules/import_items/import_items.php on line 206 and defined
[17-May-2011 14:08:27] 0:maxadmin:items_category_db.inc:14: Missing argument 10 for add_item_category(), called in /home/m/a/mae/public_html/fa/modules/import_items/import_items.php on line 206 and defined
[17-May-2011 14:08:27] 0:maxadmin:items_category_db.inc:14: Missing argument 11 for add_item_category(), called in /home/m/a/mae/public_html/fa/modules/import_items/import_items.php on line 206 and defined
[17-May-2011 14:08:27] 0:maxadmin:items_category_db.inc:14: Missing argument 12 for add_item_category(), called in /home/m/a/mae/public_html/fa/modules/import_items/import_items.php on line 206 and defined
[17-May-2011 14:08:46] 0:maxadmin:items_category_db.inc:12: Missing argument 2 for add_item_category(), called in /home/m/a/mae/public_html/fa/modules/import_items/import_items.php on line 206 and defined
[17-May-2011 14:08:46] 0:maxadmin:items_category_db.inc:12: Missing argument 3 for add_item_category(), called in /home/m/a/mae/public_html/fa/modules/import_items/import_items.php on line 206 and defined
[17-May-2011 14:08:46] 0:maxadmin:items_category_db.inc:13: Missing argument 4 for add_item_category(), called in /home/m/a/mae/public_html/fa/modules/import_items/import_items.php on line 206 and defined
[17-May-2011 14:08:46] 0:maxadmin:items_category_db.inc:13: Missing argument 5 for add_item_category(), called in /home/m/a/mae/public_html/fa/modules/import_items/import_items.php on line 206 and defined
[17-May-2011 14:08:46] 0:maxadmin:items_category_db.inc:13: Missing argument 6 for add_item_category(), called in /home/m/a/mae/public_html/fa/modules/import_items/import_items.php on line 206 and defined
[17-May-2011 14:08:46] 0:maxadmin:items_category_db.inc:13: Missing argument 7 for add_item_category(), called in /home/m/a/mae/public_html/fa/modules/import_items/import_items.php on line 206 and defined
[17-May-2011 14:08:46] 0:maxadmin:items_category_db.inc:14: Missing argument 8 for add_item_category(), called in /home/m/a/mae/public_html/fa/modules/import_items/import_items.php on line 206 and defined
[17-May-2011 14:08:46] 0:maxadmin:items_category_db.inc:14: Missing argument 9 for add_item_category(), called in /home/m/a/mae/public_html/fa/modules/import_items/import_items.php on line 206 and defined
[17-May-2011 14:08:46] 0:maxadmin:items_category_db.inc:14: Missing argument 10 for add_item_category(), called in /home/m/a/mae/public_html/fa/modules/import_items/import_items.php on line 206 and defined
[17-May-2011 14:08:46] 0:maxadmin:items_category_db.inc:14: Missing argument 11 for add_item_category(), called in /home/m/a/mae/public_html/fa/modules/import_items/import_items.php on line 206 and defined
[17-May-2011 14:08:46] 0:maxadmin:items_category_db.inc:14: Missing argument 12 for add_item_category(), called in /home/m/a/mae/public_html/fa/modules/import_items/import_items.php on line 206 and defined
[17-May-2011 14:09:05] 0:maxadmin:items_category_db.inc:12: Missing argument 2 for add_item_category(), called in /home/m/a/mae/public_html/fa/modules/import_items/import_items.php on line 206 and defined
[17-May-2011 14:09:05] 0:maxadmin:items_category_db.inc:12: Missing argument 3 for add_item_category(), called in /home/m/a/mae/public_html/fa/modules/import_items/import_items.php on line 206 and defined
[17-May-2011 14:09:05] 0:maxadmin:items_category_db.inc:13: Missing argument 4 for add_item_category(), called in /home/m/a/mae/public_html/fa/modules/import_items/import_items.php on line 206 and defined
[17-May-2011 14:09:05] 0:maxadmin:items_category_db.inc:13: Missing argument 5 for add_item_category(), called in /home/m/a/mae/public_html/fa/modules/import_items/import_items.php on line 206 and defined
[17-May-2011 14:09:05] 0:maxadmin:items_category_db.inc:13: Missing argument 6 for add_item_category(), called in /home/m/a/mae/public_html/fa/modules/import_items/import_items.php on line 206 and defined
[17-May-2011 14:09:05] 0:maxadmin:items_category_db.inc:13: Missing argument 7 for add_item_category(), called in /home/m/a/mae/public_html/fa/modules/import_items/import_items.php on line 206 and defined
[17-May-2011 14:09:05] 0:maxadmin:items_category_db.inc:14: Missing argument 8 for add_item_category(), called in /home/m/a/mae/public_html/fa/modules/import_items/import_items.php on line 206 and defined
[17-May-2011 14:09:05] 0:maxadmin:items_category_db.inc:14: Missing argument 9 for add_item_category(), called in /home/m/a/mae/public_html/fa/modules/import_items/import_items.php on line 206 and defined
[17-May-2011 14:09:05] 0:maxadmin:items_category_db.inc:14: Missing argument 10 for add_item_category(), called in /home/m/a/mae/public_html/fa/modules/import_items/import_items.php on line 206 and defined
[17-May-2011 14:09:05] 0:maxadmin:items_category_db.inc:14: Missing argument 11 for add_item_category(), called in /home/m/a/mae/public_html/fa/modules/import_items/import_items.php on line 206 and defined
[17-May-2011 14:09:05] 0:maxadmin:items_category_db.inc:14: Missing argument 12 for add_item_category(), called in /home/m/a/mae/public_html/fa/modules/import_items/import_items.php on line 206 and defined
[19-May-2011 00:32:41] 0:maxadmin:connect_db.inc:89: mysql_fetch_array(): supplied argument is not a valid MySQL result resource
[19-May-2011 00:32:51] 0:maxadmin:connect_db.inc:89: mysql_fetch_array(): supplied argument is not a valid MySQL result resource
[19-May-2011 00:33:44] 0:maxadmin:connect_db.inc:89: mysql_fetch_array(): supplied argument is not a valid MySQL result resource
[19-May-2011 00:33:53] 0:maxadmin:connect_db.inc:89: mysql_fetch_array(): supplied argument is not a valid MySQL result resource
[19-May-2011 00:33:53] 0:maxadmin:connect_db.inc:89: mysql_fetch_array(): supplied argument is not a valid MySQL result resource
[19-May-2011 00:34:10] 0:maxadmin:connect_db.inc:89: mysql_fetch_array(): supplied argument is not a valid MySQL result resource
[19-May-2011 00:34:12] 0:maxadmin:connect_db.inc:89: mysql_fetch_array(): supplied argument is not a valid MySQL result resource
[19-May-2011 00:34:19] 0:maxadmin:connect_db.inc:89: mysql_fetch_array(): supplied argument is not a valid MySQL result resource
[22-May-2011 13:07:26] 0:maxadmin:simple_crud_class.inc:116: key() [<a href='function.key'>function.key</a>]: Passed variable is not an array or object
[22-May-2011 13:08:03] 0:maxadmin:simple_crud_class.inc:116: key() [<a href='function.key'>function.key</a>]: Passed variable is not an array or object
[22-May-2011 17:51:08] 0:maxadmin:items_category_db.inc:12: Missing argument 2 for add_item_category(), called in /home/m/a/mae/public_html/fa/modules/import_items/import_items.php on line 206 and defined
[22-May-2011 17:51:08] 0:maxadmin:items_category_db.inc:12: Missing argument 3 for add_item_category(), called in /home/m/a/mae/public_html/fa/modules/import_items/import_items.php on line 206 and defined
[22-May-2011 17:51:08] 0:maxadmin:items_category_db.inc:13: Missing argument 4 for add_item_category(), called in /home/m/a/mae/public_html/fa/modules/import_items/import_items.php on line 206 and defined
[22-May-2011 17:51:08] 0:maxadmin:items_category_db.inc:13: Missing argument 5 for add_item_category(), called in /home/m/a/mae/public_html/fa/modules/import_items/import_items.php on line 206 and defined
[22-May-2011 17:51:08] 0:maxadmin:items_category_db.inc:13: Missing argument 6 for add_item_category(), called in /home/m/a/mae/public_html/fa/modules/import_items/import_items.php on line 206 and defined
[22-May-2011 17:51:08] 0:maxadmin:items_category_db.inc:13: Missing argument 7 for add_item_category(), called in /home/m/a/mae/public_html/fa/modules/import_items/import_items.php on line 206 and defined
[22-May-2011 17:51:08] 0:maxadmin:items_category_db.inc:14: Missing argument 8 for add_item_category(), called in /home/m/a/mae/public_html/fa/modules/import_items/import_items.php on line 206 and defined
[22-May-2011 17:51:08] 0:maxadmin:items_category_db.inc:14: Missing argument 9 for add_item_category(), called in /home/m/a/mae/public_html/fa/modules/import_items/import_items.php on line 206 and defined
[22-May-2011 17:51:08] 0:maxadmin:items_category_db.inc:14: Missing argument 10 for add_item_category(), called in /home/m/a/mae/public_html/fa/modules/import_items/import_items.php on line 206 and defined
[22-May-2011 17:51:08] 0:maxadmin:items_category_db.inc:14: Missing argument 11 for add_item_category(), called in /home/m/a/mae/public_html/fa/modules/import_items/import_items.php on line 206 and defined
[22-May-2011 17:51:08] 0:maxadmin:items_category_db.inc:14: Missing argument 12 for add_item_category(), called in /home/m/a/mae/public_html/fa/modules/import_items/import_items.php on line 206 and defined
[22-May-2011 18:03:40] 0:maxadmin:items_category_db.inc:12: Missing argument 2 for add_item_category(), called in /home/m/a/mae/public_html/fa/modules/import_items/import_items.php on line 206 and defined
[22-May-2011 18:03:40] 0:maxadmin:items_category_db.inc:12: Missing argument 3 for add_item_category(), called in /home/m/a/mae/public_html/fa/modules/import_items/import_items.php on line 206 and defined
[22-May-2011 18:03:40] 0:maxadmin:items_category_db.inc:13: Missing argument 4 for add_item_category(), called in /home/m/a/mae/public_html/fa/modules/import_items/import_items.php on line 206 and defined
[22-May-2011 18:03:40] 0:maxadmin:items_category_db.inc:13: Missing argument 5 for add_item_category(), called in /home/m/a/mae/public_html/fa/modules/import_items/import_items.php on line 206 and defined
[22-May-2011 18:03:40] 0:maxadmin:items_category_db.inc:13: Missing argument 6 for add_item_category(), called in /home/m/a/mae/public_html/fa/modules/import_items/import_items.php on line 206 and defined
[22-May-2011 18:03:40] 0:maxadmin:items_category_db.inc:13: Missing argument 7 for add_item_category(), called in /home/m/a/mae/public_html/fa/modules/import_items/import_items.php on line 206 and defined
[22-May-2011 18:03:40] 0:maxadmin:items_category_db.inc:14: Missing argument 8 for add_item_category(), called in /home/m/a/mae/public_html/fa/modules/import_items/import_items.php on line 206 and defined
[22-May-2011 18:03:40] 0:maxadmin:items_category_db.inc:14: Missing argument 9 for add_item_category(), called in /home/m/a/mae/public_html/fa/modules/import_items/import_items.php on line 206 and defined
[22-May-2011 18:03:40] 0:maxadmin:items_category_db.inc:14: Missing argument 10 for add_item_category(), called in /home/m/a/mae/public_html/fa/modules/import_items/import_items.php on line 206 and defined
[22-May-2011 18:03:40] 0:maxadmin:items_category_db.inc:14: Missing argument 11 for add_item_category(), called in /home/m/a/mae/public_html/fa/modules/import_items/import_items.php on line 206 and defined
[22-May-2011 18:03:40] 0:maxadmin:items_category_db.inc:14: Missing argument 12 for add_item_category(), called in /home/m/a/mae/public_html/fa/modules/import_items/import_items.php on line 206 and defined
